2021-11-28 02:52:01,439 CRITICAL   config_client_log Критическая ошибка
2021-11-28 02:52:01,439 ERROR      config_client_log Ошибка
2021-11-28 02:52:01,439 DEBUG      config_client_log Отладочная информация
2021-11-28 02:52:01,439 INFO       config_client_log Информационное сообщение
2021-11-28 02:52:18,579 CRITICAL   config_client_log Критическая ошибка
2021-11-28 02:52:18,579 ERROR      config_client_log Ошибка
2021-11-28 02:52:18,579 DEBUG      config_client_log Отладочная информация
2021-11-28 02:52:18,579 INFO       config_client_log Информационное сообщение
2021-11-28 02:53:01,787 CRITICAL   config_client_log Критическая ошибка
2021-11-28 02:53:01,788 ERROR      config_client_log Ошибка
2021-11-28 02:53:01,788 DEBUG      config_client_log Отладочная информация
2021-11-28 02:53:01,788 INFO       config_client_log Информационное сообщение
2021-11-28 02:54:43,844 CRITICAL   config_client_log Критическая ошибка
2021-11-28 02:54:43,844 ERROR      config_client_log Ошибка
2021-11-28 02:54:43,844 DEBUG      config_client_log Отладочная информация
2021-11-28 02:54:43,844 INFO       config_client_log Информационное сообщение
2021-11-28 02:56:27,854 CRITICAL   config_client_log Критическая ошибка
2021-11-28 02:56:27,855 ERROR      config_client_log Ошибка
2021-11-28 02:56:27,855 DEBUG      config_client_log Отладочная информация
2021-11-28 02:56:27,855 INFO       config_client_log Информационное сообщение
2021-11-28 02:56:50,061 CRITICAL   config_client_log Критическая ошибка
2021-11-28 02:56:50,061 ERROR      config_client_log Ошибка
2021-11-28 02:56:50,061 DEBUG      config_client_log Отладочная информация
2021-11-28 02:56:50,061 INFO       config_client_log Информационное сообщение
2021-11-28 02:57:49,476 CRITICAL   config_client_log Критическая ошибка
2021-11-28 02:57:49,476 ERROR      config_client_log Ошибка
2021-11-28 02:57:49,476 WARNING    config_client_log Пердупреждение
2021-11-28 02:57:49,476 INFO       config_client_log Информационное сообщение
2021-11-28 02:57:49,476 DEBUG      config_client_log Отладочная информация
2021-11-28 02:58:35,695 CRITICAL   Модуль: config_client_log Критическая ошибка
2021-11-28 02:58:35,696 ERROR      Модуль: config_client_log Ошибка
2021-11-28 02:58:35,696 WARNING    Модуль: config_client_log Пердупреждение
2021-11-28 02:58:35,696 INFO       Модуль: config_client_log Информационное сообщение
2021-11-28 02:58:35,696 DEBUG      Модуль: config_client_log Отладочная информация
2021-11-28 02:59:18,286 CRITICAL   Модуль: config_client_log Критическая ошибка
2021-11-28 02:59:18,286 ERROR      Модуль: config_client_log Ошибка
2021-11-28 02:59:18,286 WARNING    Модуль: config_client_log Пердупреждение
2021-11-28 02:59:18,286 INFO       Модуль: config_client_log Информационное сообщение
2021-11-28 02:59:18,286 DEBUG      Модуль: config_client_log Отладочная информация
2021-11-28 02:59:23,861 CRITICAL   Модуль: config_client_log Критическая ошибка
2021-11-28 02:59:23,862 ERROR      Модуль: config_client_log Ошибка
2021-11-28 02:59:23,862 WARNING    Модуль: config_client_log Пердупреждение
2021-11-28 02:59:23,862 INFO       Модуль: config_client_log Информационное сообщение
2021-11-28 02:59:23,862 DEBUG      Модуль: config_client_log Отладочная информация
2021-11-28 02:59:41,478 CRITICAL   Модуль: config_client_log    Критическая ошибка
2021-11-28 02:59:41,479 ERROR      Модуль: config_client_log    Ошибка
2021-11-28 02:59:41,479 WARNING    Модуль: config_client_log    Пердупреждение
2021-11-28 02:59:41,479 INFO       Модуль: config_client_log    Информационное сообщение
2021-11-28 02:59:41,479 DEBUG      Модуль: config_client_log    Отладочная информация
2021-11-28 03:47:52,830 WARNING    Модуль: client               Ошибка параметров запуска клиента, применены значения по умолчанию, адрес сервера: 127.0.0.1 , порт: 7777
2021-11-28 03:49:30,182 WARNING    Модуль: client               Ошибка параметров запуска клиента, применены значения по умолчанию, адрес сервера: 127.0.0.1 , порт: 7777
2021-11-28 03:49:32,234 CRITICAL   Модуль: client               Не удалось подключиться к серверу 127.0.0.1:7777, конечный компьютер отверг запрос на подключение.
2021-11-28 03:49:32,235 DEBUG      Модуль: client               Сформировано presence сообщение для пользователя Guest
2021-11-28 04:06:34,057 WARNING    Модуль: client               Ошибка параметров запуска клиента, применены значения по умолчанию, адрес сервера: 127.0.0.1 , порт: 7777
2021-11-28 04:06:34,058 DEBUG      Модуль: client               Сформировано presence сообщение для пользователя Guest
2021-11-28 04:06:34,060 DEBUG      Модуль: client               Разбор сообщения от сервера: {'response': 200}
2021-11-28 04:06:34,060 INFO       Модуль: client               Принят ответ от сервера 200 : OK
2021-11-28 04:06:45,570 WARNING    Модуль: client               Ошибка параметров запуска клиента, применены значения по умолчанию, адрес сервера: 127.0.0.1 , порт: 7777
2021-11-28 04:06:45,571 DEBUG      Модуль: client               Сформировано presence сообщение для пользователя Guest
2021-11-28 04:06:45,572 DEBUG      Модуль: client               Разбор сообщения от сервера: {'response': 200}
2021-11-28 04:06:45,572 INFO       Модуль: client               Принят ответ от сервера 200 : OK
2021-11-28 04:06:50,831 WARNING    Модуль: client               Ошибка параметров запуска клиента, применены значения по умолчанию, адрес сервера: 127.0.0.1 , порт: 7777
2021-11-28 04:06:50,832 DEBUG      Модуль: client               Сформировано presence сообщение для пользователя Guest
2021-11-28 04:06:50,833 DEBUG      Модуль: client               Разбор сообщения от сервера: {'response': 200}
2021-11-28 04:06:50,833 INFO       Модуль: client               Принят ответ от сервера 200 : OK
2021-11-29 00:10:39,943 WARNING    Модуль: client               Ошибка параметров запуска клиента, применены значения по умолчанию, адрес сервера: 127.0.0.1 , порт: 7777
2021-11-29 00:10:39,961 DEBUG      Модуль: client               Сформировано presence сообщение для пользователя Guest
2021-11-29 00:10:39,962 DEBUG      Модуль: client               Разбор сообщения от сервера: {'response': 200}
2021-11-29 00:10:39,962 INFO       Модуль: client               Принят ответ от сервера 200 : OK
2021-11-29 00:11:27,852 WARNING    Модуль: client               Ошибка параметров запуска клиента, применены значения по умолчанию, адрес сервера: 127.0.0.1 , порт: 7777
2021-11-29 00:11:27,854 DEBUG      Модуль: client               Сформировано presence сообщение для пользователя Guest
2021-11-29 00:11:27,855 DEBUG      Модуль: client               Разбор сообщения от сервера: {'response': 200}
2021-11-29 00:11:27,856 INFO       Модуль: client               Принят ответ от сервера 200 : OK
