2021-12-02 15:57:25,227 WARNING    Модуль: client               Ошибка параметров запуска клиента, применены значения по умолчанию, адрес сервера: 127.0.0.1 , порт: 7777
2021-12-02 15:57:25,228 DEBUG      Модуль: decorators           функция get_argv (параметры:(), {}). вызвана из функции get_argv().
2021-12-02 15:57:25,229 DEBUG      Модуль: client               Сформировано presence сообщение для пользователя Guest
2021-12-02 15:57:25,229 DEBUG      Модуль: decorators           функция create_message (параметры:(), {}). вызвана из функции client.client_init().
2021-12-02 15:57:25,230 DEBUG      Модуль: client               Разбор сообщения от сервера: {'response': 200}
2021-12-02 15:57:25,231 DEBUG      Модуль: decorators           функция server_ans (параметры:({'response': 200},), {}). вызвана из функции client.client_init().
2021-12-02 15:57:25,231 INFO       Модуль: client               Принят ответ от сервера 200 : OK
2021-12-02 15:57:25,231 DEBUG      Модуль: decorators           функция client_init (параметры:(<__main__.ClientSocket object at 0x000001C3D2CC5F70>,), {}). вызвана из функции client.client_init().
2021-12-02 15:57:51,065 WARNING    Модуль: client               Ошибка параметров запуска клиента, применены значения по умолчанию, адрес сервера: 127.0.0.1 , порт: 7777
2021-12-02 15:57:51,066 DEBUG      Модуль: decorators           функция get_argv (параметры:(), {}). вызвана из функции get_argv().
2021-12-02 15:57:51,067 DEBUG      Модуль: client               Сформировано presence сообщение для пользователя Guest
2021-12-02 15:57:51,067 DEBUG      Модуль: decorators           функция create_message (параметры:(), {}). вызвана из функции client.client_init().
2021-12-02 15:57:51,069 DEBUG      Модуль: client               Разбор сообщения от сервера: {'response': 200}
2021-12-02 15:57:51,069 DEBUG      Модуль: decorators           функция server_ans (параметры:({'response': 200},), {}). вызвана из функции client.client_init().
2021-12-02 15:57:51,069 INFO       Модуль: client               Принят ответ от сервера 200 : OK
2021-12-02 15:57:51,070 DEBUG      Модуль: decorators           функция client_init (параметры:(<__main__.ClientSocket object at 0x000002C88CBA5F70>,), {}). вызвана из функции client.client_init().
2021-12-02 15:57:52,243 WARNING    Модуль: client               Ошибка параметров запуска клиента, применены значения по умолчанию, адрес сервера: 127.0.0.1 , порт: 7777
2021-12-02 15:57:52,244 DEBUG      Модуль: decorators           функция get_argv (параметры:(), {}). вызвана из функции get_argv().
2021-12-02 15:57:52,244 DEBUG      Модуль: client               Сформировано presence сообщение для пользователя Guest
2021-12-02 15:57:52,244 DEBUG      Модуль: decorators           функция create_message (параметры:(), {}). вызвана из функции client.client_init().
2021-12-02 15:57:52,245 DEBUG      Модуль: client               Разбор сообщения от сервера: {'response': 200}
2021-12-02 15:57:52,246 DEBUG      Модуль: decorators           функция server_ans (параметры:({'response': 200},), {}). вызвана из функции client.client_init().
2021-12-02 15:57:52,246 INFO       Модуль: client               Принят ответ от сервера 200 : OK
2021-12-02 15:57:52,246 DEBUG      Модуль: decorators           функция client_init (параметры:(<__main__.ClientSocket object at 0x0000029F81545F70>,), {}). вызвана из функции client.client_init().
